<?xml version="1.0" encoding="UTF-8"?>
<!-- Generated by org.testng.reporters.JUnitReportReporter -->
<testsuite hostname="SATINALMA02" failures="0" tests="1" name="test.test" time="0.001" errors="0" timestamp="2023-10-26T11:34:01 TRT" skipped="0">
  <testcase classname="test.test" name="ploan" time="0.001"/>
</testsuite> <!-- test.test -->
