<?xml version="1.0" encoding="UTF-8"?>
<!-- Generated by org.testng.reporters.JUnitReportReporter -->
<testsuite hostname="SATINALMA02" failures="0" tests="2" name="test.day2" time="0.002" errors="0" timestamp="2023-10-26T11:54:37 TRT" skipped="0">
  <testcase classname="test.day2" name="sayyHello" time="0.001"/>
  <testcase classname="test.day2" name="sayHello" time="0.001"/>
</testsuite> <!-- test.day2 -->
