<?xml version="1.0" encoding="UTF-8"?>
<!-- Generated by org.testng.reporters.JUnitReportReporter -->
<testsuite hostname="SATINALMA02" failures="0" tests="2" name="test.Testng" time="0.012" errors="0" timestamp="2023-10-26T11:34:01 TRT" skipped="0">
  <testcase classname="test.Testng" name="sayyHello" time="0.002"/>
  <testcase classname="test.Testng" name="sayHello" time="0.010"/>
</testsuite> <!-- test.Testng -->
