<?xml version="1.0" encoding="UTF-8"?>
<!-- Generated by org.testng.reporters.JUnitReportReporter -->
<testsuite hostname="SATINALMA02" failures="0" tests="3" name="test.day3" time="0.004" errors="0" timestamp="2023-10-26T11:54:37 TRT" skipped="0">
  <testcase classname="test.day3" name="WebLoginCarLoan" time="0.002"/>
  <testcase classname="test.day3" name="LoginApiCarLoan" time="0.001"/>
  <testcase classname="test.day3" name="MobileLoginCarLoan" time="0.001"/>
</testsuite> <!-- test.day3 -->
