<?xml version="1.0" encoding="UTF-8"?>
<!-- Generated by org.testng.reporters.JUnitReportReporter -->
<testsuite hostname="SATINALMA02" failures="0" tests="1" name="test.day1" time="0.007" errors="0" timestamp="2023-10-26T11:54:37 TRT" skipped="0">
  <testcase classname="test.day1" name="ploan" time="0.007"/>
</testsuite> <!-- test.day1 -->
